2022-03-20 10:51:33,972 INFO autoreload Watching for file changes with StatReloader
2022-03-20 10:52:00,562 INFO basehttp "GET /newslist/19 HTTP/1.1" 200 2640
2022-03-20 10:52:05,182 INFO basehttp "GET /newslist/ HTTP/1.1" 200 14994
2022-03-20 10:52:14,407 INFO basehttp "GET /newslist/newssearch/ HTTP/1.1" 200 10015
2022-03-20 10:52:23,082 INFO basehttp "GET /newslist/newssearch/?author=max&title=&datetime= HTTP/1.1" 200 5857
2022-03-20 10:52:30,089 INFO basehttp "GET /newslist/newssearch/?page=2 HTTP/1.1" 200 10015
2022-03-20 10:52:35,940 INFO basehttp "GET /newslist/ HTTP/1.1" 200 14994
2022-03-20 10:52:41,293 INFO basehttp "GET /newslist/5 HTTP/1.1" 200 2727
2022-03-20 10:52:52,660 INFO basehttp "GET /newslist/newssearch/ HTTP/1.1" 200 10015
2022-03-20 10:53:06,124 INFO basehttp "GET /newslist/newssearch/?author=&title=&datetime=2022-02-16 HTTP/1.1" 200 4532
2022-03-20 10:53:14,595 INFO basehttp "GET /newslist/newssearch/?page=2 HTTP/1.1" 200 10015
2022-03-20 10:59:32,893 INFO autoreload C:\Users\kgpa\PycharmProjects\NewsPaper\NewsPaper\NewsPaper\settings.py changed, reloading.
2022-03-20 10:59:33,602 INFO autoreload Watching for file changes with StatReloader
2022-03-20 10:59:39,047 INFO basehttp "GET /newslist/13 HTTP/1.1" 200 2634
2022-03-20 10:59:41,165 INFO basehttp "GET /newslist/ HTTP/1.1" 200 14994
2022-03-20 10:59:44,675 INFO basehttp "GET /newslist/21 HTTP/1.1" 200 2859
2022-03-20 10:59:49,197 INFO basehttp "GET /accounts/login/ HTTP/1.1" 302 0
2022-03-20 10:59:49,204 INFO basehttp "GET /newslist/ HTTP/1.1" 200 14994
2022-03-20 10:59:51,814 INFO basehttp "GET / HTTP/1.1" 200 571
2022-03-20 10:59:58,393 INFO basehttp "GET /accounts/logout/ HTTP/1.1" 200 798
2022-03-20 11:00:07,645 INFO basehttp "POST /accounts/logout/ HTTP/1.1" 302 0
2022-03-20 11:00:07,651 INFO basehttp "GET / HTTP/1.1" 302 0
2022-03-20 11:00:07,675 INFO basehttp "GET /accounts/login/?next=/ HTTP/1.1" 200 1883
2022-03-20 11:00:22,235 INFO basehttp "POST /accounts/login/ HTTP/1.1" 200 1893
2022-03-20 11:00:42,385 INFO basehttp "POST /accounts/login/ HTTP/1.1" 302 0
2022-03-20 11:00:42,393 INFO basehttp "GET / HTTP/1.1" 200 571
2022-03-20 11:00:47,687 INFO basehttp "GET /newslist/profile/1/ HTTP/1.1" 200 2699
2022-03-20 11:00:53,729 INFO basehttp "GET /newslist/ HTTP/1.1" 200 14994
2022-03-20 11:00:59,777 INFO basehttp "GET /newslist/newssearch/ HTTP/1.1" 200 10015
2022-03-20 11:01:12,628 INFO basehttp "GET /newslist/newssearch/?author=max&title=fds&datetime=2022-03-03 HTTP/1.1" 200 4154
2022-03-20 11:02:39,740 INFO basehttp "GET /newslist/ HTTP/1.1" 200 14994
2022-03-20 11:02:43,974 INFO basehttp "GET / HTTP/1.1" 200 571
2022-03-20 11:02:48,912 INFO basehttp "GET /accounts/logout/ HTTP/1.1" 200 798
2022-03-20 11:02:49,865 INFO basehttp "POST /accounts/logout/ HTTP/1.1" 302 0
2022-03-20 11:02:49,870 INFO basehttp "GET / HTTP/1.1" 302 0
2022-03-20 11:02:49,889 INFO basehttp "GET /accounts/login/?next=/ HTTP/1.1" 200 1883
2022-03-20 11:03:02,508 INFO basehttp "POST /accounts/login/ HTTP/1.1" 200 1885
2022-03-20 11:03:28,510 INFO basehttp "POST /accounts/login/ HTTP/1.1" 302 0
2022-03-20 11:03:28,519 INFO basehttp "GET / HTTP/1.1" 200 571
2022-03-20 11:03:29,779 INFO basehttp "GET /newslist/ HTTP/1.1" 200 14994
2022-03-20 11:04:37,505 INFO basehttp "GET /newslist/ HTTP/1.1" 200 14994
2022-03-20 11:04:39,949 INFO basehttp "GET /newslist/21 HTTP/1.1" 200 2859
2022-03-20 11:04:45,610 INFO basehttp "GET /newslist/ HTTP/1.1" 200 14994
2022-03-20 11:05:12,446 INFO basehttp "GET /newslist/ HTTP/1.1" 200 14994
2022-03-20 11:05:12,824 INFO basehttp "GET /static/css/custom_styles.css HTTP/1.1" 200 404
2022-03-20 11:05:12,826 INFO basehttp "GET /static/css/styles.css HTTP/1.1" 200 206521
2022-03-20 11:05:16,841 INFO basehttp "GET /newslist/11 HTTP/1.1" 200 2662
2022-03-20 11:05:16,858 INFO basehttp "GET /static/css/custom_styles.css HTTP/1.1" 304 0
2022-03-20 11:05:22,200 INFO basehttp "GET /newslist/21 HTTP/1.1" 200 2859
2022-03-20 11:05:22,216 INFO basehttp "GET /static/css/custom_styles.css HTTP/1.1" 304 0
2022-03-20 11:05:24,558 INFO basehttp "GET /newslist/profile/1/ HTTP/1.1" 200 2699
2022-03-20 11:05:30,637 INFO basehttp "GET /newslist/newssearch/ HTTP/1.1" 200 10015
2022-03-20 11:05:30,655 INFO basehttp "GET /static/css/custom_styles.css HTTP/1.1" 304 0
2022-03-20 11:05:37,041 INFO basehttp "GET /newslist/newssearch/?author=&title=&datetime=2022-01-20 HTTP/1.1" 200 8220
2022-03-20 11:05:37,055 INFO basehttp "GET /static/css/custom_styles.css HTTP/1.1" 304 0
2022-03-20 11:06:37,623 INFO basehttp "GET /newslist/ HTTP/1.1" 200 14994
2022-03-20 11:06:37,640 INFO basehttp "GET /static/css/custom_styles.css HTTP/1.1" 200 404
2022-03-20 11:07:21,978 INFO basehttp "GET /newslist/ HTTP/1.1" 200 14994
2022-03-20 11:07:21,993 INFO basehttp "GET /static/css/custom_styles.css HTTP/1.1" 200 403
2022-03-20 11:07:43,000 INFO basehttp "GET /newslist/add/ HTTP/1.1" 200 3459
2022-03-20 11:07:43,014 INFO basehttp "GET /static/css/custom_styles.css HTTP/1.1" 304 0
2022-03-20 11:08:02,517 INFO basehttp "POST /newslist/add/ HTTP/1.1" 302 0
2022-03-20 11:08:02,531 INFO basehttp "GET /newslist/22 HTTP/1.1" 200 2866
2022-03-20 11:08:02,550 INFO basehttp "GET /static/css/custom_styles.css HTTP/1.1" 304 0
2022-03-20 11:08:06,849 INFO basehttp "GET /static/css/custom_styles.css HTTP/1.1" 304 0
2022-03-20 11:09:36,147 INFO autoreload C:\Users\kgpa\PycharmProjects\NewsPaper\NewsPaper\news\urls.py changed, reloading.
2022-03-20 11:09:36,836 INFO autoreload Watching for file changes with StatReloader
2022-03-20 11:09:45,671 INFO basehttp "GET /newslist/profile/1/ HTTP/1.1" 200 2699
2022-03-20 11:09:45,687 INFO basehttp "GET /static/css/custom_styles.css HTTP/1.1" 304 0
2022-03-20 11:09:49,248 ERROR log Internal Server Error: /newslist/
Traceback (most recent call last):
  File "C:\Users\kgpa\PycharmProjects\NewsPaper\venv\lib\site-packages\django\core\handlers\exception.py", line 47, in inner
    response = get_response(request)
  File "C:\Users\kgpa\PycharmProjects\NewsPaper\venv\lib\site-packages\django\core\handlers\base.py", line 204, in _get_response
    response = response.render()
  File "C:\Users\kgpa\PycharmProjects\NewsPaper\venv\lib\site-packages\django\template\response.py", line 105, in render
    self.content = self.rendered_content
  File "C:\Users\kgpa\PycharmProjects\NewsPaper\venv\lib\site-packages\django\template\response.py", line 83, in rendered_content
    return template.render(context, self._request)
  File "C:\Users\kgpa\PycharmProjects\NewsPaper\venv\lib\site-packages\django\template\backends\django.py", line 61, in render
    return self.template.render(context)
  File "C:\Users\kgpa\PycharmProjects\NewsPaper\venv\lib\site-packages\django\template\base.py", line 176, in render
    return self._render(context)
  File "C:\Users\kgpa\PycharmProjects\NewsPaper\venv\lib\site-packages\django\template\base.py", line 168, in _render
    return self.nodelist.render(context)
  File "C:\Users\kgpa\PycharmProjects\NewsPaper\venv\lib\site-packages\django\template\base.py", line 977, in render
    return SafeString(''.join([
  File "C:\Users\kgpa\PycharmProjects\NewsPaper\venv\lib\site-packages\django\template\base.py", line 978, in <listcomp>
    node.render_annotated(context) for node in self
  File "C:\Users\kgpa\PycharmProjects\NewsPaper\venv\lib\site-packages\django\template\base.py", line 938, in render_annotated
    return self.render(context)
  File "C:\Users\kgpa\PycharmProjects\NewsPaper\venv\lib\site-packages\django\template\loader_tags.py", line 153, in render
    return compiled_parent._render(context)
  File "C:\Users\kgpa\PycharmProjects\NewsPaper\venv\lib\site-packages\django\template\base.py", line 168, in _render
    return self.nodelist.render(context)
  File "C:\Users\kgpa\PycharmProjects\NewsPaper\venv\lib\site-packages\django\template\base.py", line 977, in render
    return SafeString(''.join([
  File "C:\Users\kgpa\PycharmProjects\NewsPaper\venv\lib\site-packages\django\template\base.py", line 978, in <listcomp>
    node.render_annotated(context) for node in self
  File "C:\Users\kgpa\PycharmProjects\NewsPaper\venv\lib\site-packages\django\template\base.py", line 938, in render_annotated
    return self.render(context)
  File "C:\Users\kgpa\PycharmProjects\NewsPaper\venv\lib\site-packages\django\template\loader_tags.py", line 65, in render
    result = block.nodelist.render(context)
  File "C:\Users\kgpa\PycharmProjects\NewsPaper\venv\lib\site-packages\django\template\base.py", line 977, in render
    return SafeString(''.join([
  File "C:\Users\kgpa\PycharmProjects\NewsPaper\venv\lib\site-packages\django\template\base.py", line 978, in <listcomp>
    node.render_annotated(context) for node in self
  File "C:\Users\kgpa\PycharmProjects\NewsPaper\venv\lib\site-packages\django\template\base.py", line 938, in render_annotated
    return self.render(context)
  File "C:\Users\kgpa\PycharmProjects\NewsPaper\venv\lib\site-packages\django\template\defaulttags.py", line 295, in render
    return nodelist.render(context)
  File "C:\Users\kgpa\PycharmProjects\NewsPaper\venv\lib\site-packages\django\template\base.py", line 977, in render
    return SafeString(''.join([
  File "C:\Users\kgpa\PycharmProjects\NewsPaper\venv\lib\site-packages\django\template\base.py", line 978, in <listcomp>
    node.render_annotated(context) for node in self
  File "C:\Users\kgpa\PycharmProjects\NewsPaper\venv\lib\site-packages\django\template\base.py", line 938, in render_annotated
    return self.render(context)
  File "C:\Users\kgpa\PycharmProjects\NewsPaper\venv\lib\site-packages\django\template\defaulttags.py", line 214, in render
    nodelist.append(node.render_annotated(context))
  File "C:\Users\kgpa\PycharmProjects\NewsPaper\venv\lib\site-packages\django\template\base.py", line 938, in render_annotated
    return self.render(context)
  File "C:\Users\kgpa\PycharmProjects\NewsPaper\venv\lib\site-packages\django\template\defaulttags.py", line 295, in render
    return nodelist.render(context)
  File "C:\Users\kgpa\PycharmProjects\NewsPaper\venv\lib\site-packages\django\template\base.py", line 977, in render
    return SafeString(''.join([
  File "C:\Users\kgpa\PycharmProjects\NewsPaper\venv\lib\site-packages\django\template\base.py", line 978, in <listcomp>
    node.render_annotated(context) for node in self
  File "C:\Users\kgpa\PycharmProjects\NewsPaper\venv\lib\site-packages\django\template\base.py", line 938, in render_annotated
    return self.render(context)
  File "C:\Users\kgpa\PycharmProjects\NewsPaper\venv\lib\site-packages\django\template\defaulttags.py", line 442, in render
    url = reverse(view_name, args=args, kwargs=kwargs, current_app=current_app)
  File "C:\Users\kgpa\PycharmProjects\NewsPaper\venv\lib\site-packages\django\urls\base.py", line 86, in reverse
    return resolver._reverse_with_prefix(view, prefix, *args, **kwargs)
  File "C:\Users\kgpa\PycharmProjects\NewsPaper\venv\lib\site-packages\django\urls\resolvers.py", line 729, in _reverse_with_prefix
    raise NoReverseMatch(msg)
django.urls.exceptions.NoReverseMatch: Reverse for 'author_detail' not found. 'author_detail' is not a valid view function or pattern name.
2022-03-20 11:09:49,255 ERROR basehttp "GET /newslist/ HTTP/1.1" 500 274289
2022-03-20 11:10:13,815 INFO autoreload C:\Users\kgpa\PycharmProjects\NewsPaper\NewsPaper\news\urls.py changed, reloading.
2022-03-20 11:10:14,505 INFO autoreload Watching for file changes with StatReloader
2022-03-20 11:12:29,057 INFO autoreload C:\Users\kgpa\PycharmProjects\NewsPaper\NewsPaper\NewsPaper\settings.py changed, reloading.
2022-03-20 11:15:47,363 INFO autoreload Watching for file changes with StatReloader
2022-03-20 11:15:55,845 INFO basehttp "GET /newslist/ HTTP/1.1" 200 14978
2022-03-20 11:15:55,862 INFO basehttp "GET /static/css/custom_styles.css HTTP/1.1" 304 0
2022-03-20 11:17:38,675 INFO autoreload C:\Users\kgpa\PycharmProjects\NewsPaper\NewsPaper\NewsPaper\settings.py changed, reloading.
2022-03-20 11:19:39,805 INFO autoreload Watching for file changes with StatReloader
2022-03-20 11:21:47,327 INFO basehttp "GET /newslist/19 HTTP/1.1" 200 2640
2022-03-20 11:21:47,346 INFO basehttp "GET /static/css/custom_styles.css HTTP/1.1" 304 0
2022-03-20 11:21:49,044 INFO basehttp "GET /newslist/ HTTP/1.1" 200 14978
2022-03-20 11:21:50,216 INFO basehttp "GET /newslist/profile/2/ HTTP/1.1" 200 2910
2022-03-20 11:21:53,653 INFO basehttp "GET /newslist/profile/2/edit HTTP/1.1" 200 3137
2022-03-20 11:22:04,264 INFO basehttp "POST /newslist/profile/2/edit HTTP/1.1" 302 0
2022-03-20 11:22:04,268 INFO basehttp "GET /newslist/ HTTP/1.1" 200 14978
2022-03-20 11:22:09,277 INFO basehttp "GET /newslist/profile/1/ HTTP/1.1" 200 2699
2022-03-20 11:23:09,448 INFO basehttp "GET /newslist/add/ HTTP/1.1" 200 3333
2022-03-20 11:23:16,825 WARNING log Forbidden (CSRF token missing.): /newslist/add/
2022-03-20 11:23:16,826 WARNING basehttp "POST /newslist/add/ HTTP/1.1" 403 2506
2022-03-20 11:23:52,360 WARNING log Forbidden (CSRF token missing.): /newslist/add/
2022-03-20 11:23:52,361 WARNING basehttp "POST /newslist/add/ HTTP/1.1" 403 2506
2022-03-20 11:23:58,633 WARNING log Forbidden (CSRF token missing.): /newslist/add/
2022-03-20 11:23:58,635 WARNING basehttp "POST /newslist/add/ HTTP/1.1" 403 2506
2022-03-20 11:24:02,147 INFO basehttp "GET /newslist/ HTTP/1.1" 200 14978
2022-03-20 11:24:02,166 INFO basehttp "GET /static/css/custom_styles.css HTTP/1.1" 304 0
2022-03-20 11:24:04,817 INFO basehttp "GET /newslist/22 HTTP/1.1" 200 2866
2022-03-20 11:24:06,960 INFO basehttp "GET /newslist/ HTTP/1.1" 200 14978
2022-03-20 11:34:44,133 INFO autoreload C:\Users\kgpa\PycharmProjects\NewsPaper\NewsPaper\NewsPaper\settings.py changed, reloading.
2022-03-20 11:34:44,823 INFO autoreload Watching for file changes with StatReloader
2022-03-20 11:35:12,638 INFO basehttp "GET /newslist/20 HTTP/1.1" 200 2780
2022-03-20 11:35:12,654 INFO basehttp "GET /static/css/custom_styles.css HTTP/1.1" 304 0
2022-03-20 11:35:14,762 INFO basehttp "GET /newslist/ HTTP/1.1" 200 14978
2022-03-20 11:35:15,979 INFO basehttp "GET /newslist/profile/2/ HTTP/1.1" 200 2912
2022-03-20 11:35:18,703 INFO basehttp "GET /newslist/ HTTP/1.1" 200 14978
2022-03-20 11:35:22,073 INFO basehttp "GET /newslist/newssearch/ HTTP/1.1" 200 10424
2022-03-20 11:35:27,064 INFO basehttp "GET /newslist/newssearch/?author=&title=&datetime=2022-02-28 HTTP/1.1" 200 4539
2022-03-20 11:35:41,958 INFO autoreload C:\Users\kgpa\PycharmProjects\NewsPaper\NewsPaper\news\urls.py changed, reloading.
2022-03-20 11:35:42,665 INFO autoreload Watching for file changes with StatReloader
2022-03-20 11:35:47,125 INFO basehttp "GET /newslist/profile/2/ HTTP/1.1" 200 2912
2022-03-20 11:35:53,322 INFO basehttp "GET /newslist/profile/1/ HTTP/1.1" 200 2699
2022-03-20 11:35:59,501 INFO basehttp "GET /newslist/profile/3/ HTTP/1.1" 200 2670
2022-03-20 11:36:03,387 INFO basehttp "GET / HTTP/1.1" 200 571
2022-03-20 11:36:46,744 ERROR basehttp "GET /newslist/ HTTP/1.1" 500 275308
2022-03-20 11:37:53,389 INFO autoreload C:\Users\kgpa\PycharmProjects\NewsPaper\NewsPaper\news\urls.py changed, reloading.
2022-03-20 11:37:54,085 INFO autoreload Watching for file changes with StatReloader
2022-03-20 11:38:00,080 INFO basehttp "GET /newslist/ HTTP/1.1" 200 14978
2022-03-20 11:38:00,456 INFO basehttp "GET /static/css/custom_styles.css HTTP/1.1" 200 403
2022-03-20 11:38:00,459 INFO basehttp "GET /static/css/styles.css HTTP/1.1" 200 206521
2022-03-20 11:38:04,046 INFO basehttp "GET /newslist/profile/1/ HTTP/1.1" 200 2699
2022-03-20 11:38:05,650 INFO basehttp "GET /newslist/ HTTP/1.1" 200 14978
2022-03-20 11:43:31,566 INFO basehttp "GET /admin/ HTTP/1.1" 302 0
2022-03-20 11:43:31,597 INFO basehttp "GET /admin/login/?next=/admin/ HTTP/1.1" 200 2521
2022-03-20 11:43:31,623 INFO basehttp "GET /static/admin/css/nav_sidebar.css HTTP/1.1" 200 2616
2022-03-20 11:43:31,623 INFO basehttp "GET /static/admin/css/login.css HTTP/1.1" 200 954
2022-03-20 11:43:31,624 INFO basehttp "GET /static/admin/css/responsive.css HTTP/1.1" 200 18545
2022-03-20 11:43:31,624 INFO basehttp "GET /static/admin/css/base.css HTTP/1.1" 200 19513
2022-03-20 11:43:31,625 INFO basehttp "GET /static/admin/js/nav_sidebar.js HTTP/1.1" 200 3401
2022-03-20 11:43:31,629 INFO basehttp "GET /static/admin/css/fonts.css HTTP/1.1" 200 423
2022-03-20 11:43:31,648 INFO basehttp "GET /static/admin/img/icon-yes.svg HTTP/1.1" 200 436
2022-03-20 11:43:31,856 INFO basehttp "GET /static/admin/fonts/Roboto-Regular-webfont.woff HTTP/1.1" 200 85876
2022-03-20 11:43:31,857 INFO basehttp "GET /static/admin/fonts/Roboto-Light-webfont.woff HTTP/1.1" 200 85692
2022-03-20 11:43:31,857 INFO basehttp "GET /static/admin/fonts/Roboto-Bold-webfont.woff HTTP/1.1" 200 86184
2022-03-20 11:43:38,217 INFO basehttp "POST /admin/login/?next=/admin/ HTTP/1.1" 302 0
2022-03-20 11:43:38,240 INFO basehttp "GET /admin/ HTTP/1.1" 200 11777
2022-03-20 11:43:38,257 INFO basehttp "GET /static/admin/css/dashboard.css HTTP/1.1" 200 380
2022-03-20 11:43:38,274 INFO basehttp "GET /static/admin/img/icon-addlink.svg HTTP/1.1" 200 331
2022-03-20 11:43:38,274 INFO basehttp "GET /static/admin/img/icon-changelink.svg HTTP/1.1" 200 380
2022-03-20 11:43:52,120 INFO basehttp "GET /admin/auth/user/ HTTP/1.1" 200 17106
2022-03-20 11:43:52,141 INFO basehttp "GET /static/admin/css/changelists.css HTTP/1.1" 200 6932
2022-03-20 11:43:52,148 INFO basehttp "GET /static/admin/js/jquery.init.js HTTP/1.1" 200 347
2022-03-20 11:43:52,151 INFO basehttp "GET /static/admin/js/actions.js HTTP/1.1" 200 7872
2022-03-20 11:43:52,152 INFO basehttp "GET /static/admin/js/core.js HTTP/1.1" 200 5698
2022-03-20 11:43:52,153 INFO basehttp "GET /static/admin/js/admin/RelatedObjectLookups.js HTTP/1.1" 200 5984
2022-03-20 11:43:52,156 INFO basehttp "GET /admin/jsi18n/ HTTP/1.1" 200 3343
2022-03-20 11:43:52,157 INFO basehttp "GET /static/admin/js/urlify.js HTTP/1.1" 200 7902
2022-03-20 11:43:52,159 INFO basehttp "GET /static/admin/js/prepopulate.js HTTP/1.1" 200 1531
2022-03-20 11:43:52,161 INFO basehttp "GET /static/admin/js/vendor/jquery/jquery.js HTTP/1.1" 200 288580
2022-03-20 11:43:52,163 INFO basehttp "GET /static/admin/js/vendor/xregexp/xregexp.js HTTP/1.1" 200 232381
2022-03-20 11:43:52,169 INFO basehttp "GET /static/admin/img/search.svg HTTP/1.1" 200 458
2022-03-20 11:43:52,177 INFO basehttp "GET /static/admin/img/icon-no.svg HTTP/1.1" 200 560
2022-03-20 11:43:52,200 INFO basehttp "GET /static/admin/img/tooltag-add.svg HTTP/1.1" 200 331
2022-03-20 11:43:52,201 INFO basehttp "GET /static/admin/img/sorting-icons.svg HTTP/1.1" 200 1097
2022-03-20 11:43:55,059 INFO basehttp "GET /admin/auth/user/1/change/ HTTP/1.1" 200 24432
2022-03-20 11:43:55,081 INFO basehttp "GET /static/admin/css/forms.css HTTP/1.1" 200 8835
2022-03-20 11:43:55,081 INFO basehttp "GET /static/admin/js/calendar.js HTTP/1.1" 200 8466
2022-03-20 11:43:55,083 INFO basehttp "GET /admin/jsi18n/ HTTP/1.1" 200 3343
2022-03-20 11:43:55,085 INFO basehttp "GET /static/admin/js/SelectFilter2.js HTTP/1.1" 200 12350
2022-03-20 11:43:55,085 INFO basehttp "GET /static/admin/js/SelectBox.js HTTP/1.1" 200 4360
2022-03-20 11:43:55,086 INFO basehttp "GET /static/admin/js/admin/DateTimeShortcuts.js HTTP/1.1" 200 19634
2022-03-20 11:43:55,089 INFO basehttp "GET /static/admin/css/widgets.css HTTP/1.1" 200 11097
2022-03-20 11:43:55,091 INFO basehttp "GET /static/admin/js/prepopulate_init.js HTTP/1.1" 200 492
2022-03-20 11:43:55,093 INFO basehttp "GET /static/admin/js/change_form.js HTTP/1.1" 200 606
2022-03-20 11:43:55,230 INFO basehttp "GET /static/admin/img/icon-calendar.svg HTTP/1.1" 200 1086
2022-03-20 11:43:55,230 INFO basehttp "GET /static/admin/img/selector-icons.svg HTTP/1.1" 200 3291
2022-03-20 11:43:55,231 INFO basehttp "GET /static/admin/img/icon-unknown.svg HTTP/1.1" 200 655
2022-03-20 11:43:55,232 INFO basehttp "GET /static/admin/img/icon-unknown-alt.svg HTTP/1.1" 200 655
2022-03-20 11:43:55,232 INFO basehttp "GET /static/admin/img/icon-clock.svg HTTP/1.1" 200 677
2022-03-20 11:44:57,719 INFO basehttp "POST /admin/auth/user/1/change/ HTTP/1.1" 302 0
2022-03-20 11:44:57,772 INFO basehttp "GET /admin/auth/user/ HTTP/1.1" 200 17321
2022-03-20 11:44:57,793 INFO basehttp "GET /admin/jsi18n/ HTTP/1.1" 200 3343
2022-03-20 11:45:30,876 INFO autoreload C:\Users\kgpa\PycharmProjects\NewsPaper\NewsPaper\news\urls.py changed, reloading.
2022-03-20 11:45:31,584 INFO autoreload Watching for file changes with StatReloader
2022-03-20 11:45:41,613 INFO autoreload C:\Users\kgpa\PycharmProjects\NewsPaper\NewsPaper\NewsPaper\settings.py changed, reloading.
2022-03-20 11:45:42,295 INFO autoreload Watching for file changes with StatReloader
2022-03-20 11:45:54,449 ERROR basehttp "GET /newslist/ HTTP/1.1" 500 145
2022-03-20 11:46:03,717 INFO basehttp "GET / HTTP/1.1" 200 563
2022-03-20 11:46:08,871 ERROR basehttp "GET /newslist/ HTTP/1.1" 500 145
2022-03-20 11:46:29,815 INFO autoreload C:\Users\kgpa\PycharmProjects\NewsPaper\NewsPaper\NewsPaper\settings.py changed, reloading.
2022-03-20 11:46:30,505 INFO autoreload Watching for file changes with StatReloader
2022-03-20 11:46:34,113 ERROR basehttp "GET /newslist/ HTTP/1.1" 500 275000
2022-03-20 11:46:42,793 INFO autoreload C:\Users\kgpa\PycharmProjects\NewsPaper\NewsPaper\news\urls.py changed, reloading.
2022-03-20 11:46:43,507 INFO autoreload Watching for file changes with StatReloader
2022-03-20 11:46:46,146 INFO basehttp "GET /newslist/ HTTP/1.1" 200 14978
2022-03-20 11:46:46,165 INFO basehttp "GET /static/css/custom_styles.css HTTP/1.1" 304 0
2022-03-20 11:46:49,512 INFO basehttp "GET /newslist/profile/2/ HTTP/1.1" 200 2717
2022-03-20 11:46:51,386 INFO basehttp "GET /newslist/ HTTP/1.1" 200 14978
2022-03-20 11:49:14,294 INFO autoreload C:\Users\kgpa\PycharmProjects\NewsPaper\NewsPaper\NewsPaper\settings.py changed, reloading.
2022-03-20 11:49:14,978 INFO autoreload Watching for file changes with StatReloader
2022-03-20 11:50:50,121 INFO autoreload C:\Users\kgpa\PycharmProjects\NewsPaper\NewsPaper\NewsPaper\settings.py changed, reloading.
2022-03-20 11:50:50,807 INFO autoreload Watching for file changes with StatReloader
2022-03-20 11:53:24,917 INFO autoreload Watching for file changes with StatReloader
